
> build
> tsc

../App.tsx(3,31): error TS6142: Module './navigation/RootNavigator' was resolved to 'C:/Users/maxpe/junior/navigation/RootNavigator.tsx', but '--jsx' is not set.
../App.tsx(7,5): error TS17004: Cannot use JSX unless the '--jsx' flag is provided.
../App.tsx(8,7): error TS17004: Cannot use JSX unless the '--jsx' flag is provided.
node_modules/@types/node/module.d.ts(773,13): error TS2403: Subsequent variable declarations must have the same type.  Variable 'require' must be of type 'NodeRequire', but here has type 'Require'.
node_modules/typescript/lib/lib.dom.d.ts(23,1): error TS6200: Definitions of the following identifiers conflict with those in another file: EndingType, BlobPart, BufferSource, FormData, RequestInfo, XMLHttpRequestResponseType, AbortSignal, AbortController
src/index.ts(3,7): error TS6133: 'pool' is declared but its value is never read.
../node_modules/@react-navigation/core/lib/typescript/src/index.d.ts(1,41): error TS2834: Relative import paths need explicit file extensions in ECMAScript imports when '--moduleResolution' is 'node16' or 'nodenext'. Consider adding an extension to the import path.
../node_modules/@react-navigation/core/lib/typescript/src/index.d.ts(2,46): error TS2834: Relative import paths need explicit file extensions in ECMAScript imports when '--moduleResolution' is 'node16' or 'nodenext'. Consider adding an extension to the import path.
../node_modules/@react-navigation/core/lib/typescript/src/index.d.ts(3,40): error TS2834: Relative import paths need explicit file extensions in ECMAScript imports when '--moduleResolution' is 'node16' or 'nodenext'. Consider adding an extension to the import path.
../node_modules/@react-navigation/core/lib/typescript/src/index.d.ts(4,38): error TS2834: Relative import paths need explicit file extensions in ECMAScript imports when '--moduleResolution' is 'node16' or 'nodenext'. Consider adding an extension to the import path.
../node_modules/@react-navigation/core/lib/typescript/src/index.d.ts(5,34): error TS2834: Relative import paths need explicit file extensions in ECMAScript imports when '--moduleResolution' is 'node16' or 'nodenext'. Consider adding an extension to the import path.
../node_modules/@react-navigation/core/lib/typescript/src/index.d.ts(6,36): error TS2834: Relative import paths need explicit file extensions in ECMAScript imports when '--moduleResolution' is 'node16' or 'nodenext'. Consider adding an extension to the import path.
../node_modules/@react-navigation/core/lib/typescript/src/index.d.ts(7,46): error TS2834: Relative import paths need explicit file extensions in ECMAScript imports when '--moduleResolution' is 'node16' or 'nodenext'. Consider adding an extension to the import path.
../node_modules/@react-navigation/core/lib/typescript/src/index.d.ts(8,34): error TS2834: Relative import paths need explicit file extensions in ECMAScript imports when '--moduleResolution' is 'node16' or 'nodenext'. Consider adding an extension to the import path.
../node_modules/@react-navigation/core/lib/typescript/src/index.d.ts(9,34): error TS2834: Relative import paths need explicit file extensions in ECMAScript imports when '--moduleResolution' is 'node16' or 'nodenext'. Consider adding an extension to the import path.
../node_modules/@react-navigation/core/lib/typescript/src/index.d.ts(10,47): error TS2834: Relative import paths need explicit file extensions in ECMAScript imports when '--moduleResolution' is 'node16' or 'nodenext'. Consider adding an extension to the import path.
../node_modules/@react-navigation/core/lib/typescript/src/index.d.ts(11,35): error TS2834: Relative import paths need explicit file extensions in ECMAScript imports when '--moduleResolution' is 'node16' or 'nodenext'. Consider adding an extension to the import path.
../node_modules/@react-navigation/core/lib/typescript/src/index.d.ts(12,42): error TS2834: Relative import paths need explicit file extensions in ECMAScript imports when '--moduleResolution' is 'node16' or 'nodenext'. Consider adding an extension to the import path.
../node_modules/@react-navigation/core/lib/typescript/src/index.d.ts(13,43): error TS2834: Relative import paths need explicit file extensions in ECMAScript imports when '--moduleResolution' is 'node16' or 'nodenext'. Consider adding an extension to the import path.
../node_modules/@react-navigation/core/lib/typescript/src/index.d.ts(14,40): error TS2834: Relative import paths need explicit file extensions in ECMAScript imports when '--moduleResolution' is 'node16' or 'nodenext'. Consider adding an extension to the import path.
../node_modules/@react-navigation/core/lib/typescript/src/index.d.ts(15,38): error TS2834: Relative import paths need explicit file extensions in ECMAScript imports when '--moduleResolution' is 'node16' or 'nodenext'. Consider adding an extension to the import path.
../node_modules/@react-navigation/core/lib/typescript/src/index.d.ts(16,39): error TS2834: Relative import paths need explicit file extensions in ECMAScript imports when '--moduleResolution' is 'node16' or 'nodenext'. Consider adding an extension to the import path.
../node_modules/@react-navigation/core/lib/typescript/src/index.d.ts(17,228): error TS2834: Relative import paths need explicit file extensions in ECMAScript imports when '--moduleResolution' is 'node16' or 'nodenext'. Consider adding an extension to the import path.
../node_modules/@react-navigation/core/lib/typescript/src/index.d.ts(18,30): error TS2834: Relative import paths need explicit file extensions in ECMAScript imports when '--moduleResolution' is 'node16' or 'nodenext'. Consider adding an extension to the import path.
../node_modules/@react-navigation/core/lib/typescript/src/index.d.ts(19,31): error TS2834: Relative import paths need explicit file extensions in ECMAScript imports when '--moduleResolution' is 'node16' or 'nodenext'. Consider adding an extension to the import path.
../node_modules/@react-navigation/core/lib/typescript/src/index.d.ts(20,26): error TS2834: Relative import paths need explicit file extensions in ECMAScript imports when '--moduleResolution' is 'node16' or 'nodenext'. Consider adding an extension to the import path.
../node_modules/@react-navigation/core/lib/typescript/src/index.d.ts(21,15): error TS2834: Relative import paths need explicit file extensions in ECMAScript imports when '--moduleResolution' is 'node16' or 'nodenext'. Consider adding an extension to the import path.
../node_modules/@react-navigation/core/lib/typescript/src/index.d.ts(22,32): error TS2834: Relative import paths need explicit file extensions in ECMAScript imports when '--moduleResolution' is 'node16' or 'nodenext'. Consider adding an extension to the import path.
../node_modules/@react-navigation/core/lib/typescript/src/index.d.ts(23,30): error TS2834: Relative import paths need explicit file extensions in ECMAScript imports when '--moduleResolution' is 'node16' or 'nodenext'. Consider adding an extension to the import path.
../node_modules/@react-navigation/core/lib/typescript/src/index.d.ts(24,31): error TS2834: Relative import paths need explicit file extensions in ECMAScript imports when '--moduleResolution' is 'node16' or 'nodenext'. Consider adding an extension to the import path.
../node_modules/@react-navigation/core/lib/typescript/src/index.d.ts(25,38): error TS2834: Relative import paths need explicit file extensions in ECMAScript imports when '--moduleResolution' is 'node16' or 'nodenext'. Consider adding an extension to the import path.
../node_modules/@react-navigation/core/lib/typescript/src/index.d.ts(26,43): error TS2834: Relative import paths need explicit file extensions in ECMAScript imports when '--moduleResolution' is 'node16' or 'nodenext'. Consider adding an extension to the import path.
../node_modules/@react-navigation/core/lib/typescript/src/index.d.ts(27,46): error TS2834: Relative import paths need explicit file extensions in ECMAScript imports when '--moduleResolution' is 'node16' or 'nodenext'. Consider adding an extension to the import path.
../node_modules/@react-navigation/core/lib/typescript/src/index.d.ts(28,36): error TS2834: Relative import paths need explicit file extensions in ECMAScript imports when '--moduleResolution' is 'node16' or 'nodenext'. Consider adding an extension to the import path.
../node_modules/@react-navigation/core/lib/typescript/src/index.d.ts(29,34): error TS2834: Relative import paths need explicit file extensions in ECMAScript imports when '--moduleResolution' is 'node16' or 'nodenext'. Consider adding an extension to the import path.
../node_modules/@react-navigation/core/lib/typescript/src/index.d.ts(30,41): error TS2834: Relative import paths need explicit file extensions in ECMAScript imports when '--moduleResolution' is 'node16' or 'nodenext'. Consider adding an extension to the import path.
../node_modules/@react-navigation/core/lib/typescript/src/index.d.ts(31,26): error TS2834: Relative import paths need explicit file extensions in ECMAScript imports when '--moduleResolution' is 'node16' or 'nodenext'. Consider adding an extension to the import path.
../node_modules/@react-navigation/core/lib/typescript/src/index.d.ts(32,33): error TS2834: Relative import paths need explicit file extensions in ECMAScript imports when '--moduleResolution' is 'node16' or 'nodenext'. Consider adding an extension to the import path.
../node_modules/@react-navigation/core/lib/typescript/src/index.d.ts(33,36): error TS2834: Relative import paths need explicit file extensions in ECMAScript imports when '--moduleResolution' is 'node16' or 'nodenext'. Consider adding an extension to the import path.
../node_modules/@react-navigation/native/lib/typescript/src/index.d.ts(1,40): error TS2834: Relative import paths need explicit file extensions in ECMAScript imports when '--moduleResolution' is 'node16' or 'nodenext'. Consider adding an extension to the import path.
../node_modules/@react-navigation/native/lib/typescript/src/index.d.ts(2,22): error TS2834: Relative import paths need explicit file extensions in ECMAScript imports when '--moduleResolution' is 'node16' or 'nodenext'. Consider adding an extension to the import path.
../node_modules/@react-navigation/native/lib/typescript/src/index.d.ts(3,32): error TS2834: Relative import paths need explicit file extensions in ECMAScript imports when '--moduleResolution' is 'node16' or 'nodenext'. Consider adding an extension to the import path.
../node_modules/@react-navigation/native/lib/typescript/src/index.d.ts(4,34): error TS2834: Relative import paths need explicit file extensions in ECMAScript imports when '--moduleResolution' is 'node16' or 'nodenext'. Consider adding an extension to the import path.
../node_modules/@react-navigation/native/lib/typescript/src/index.d.ts(5,37): error TS2834: Relative import paths need explicit file extensions in ECMAScript imports when '--moduleResolution' is 'node16' or 'nodenext'. Consider adding an extension to the import path.
../node_modules/@react-navigation/native/lib/typescript/src/index.d.ts(6,33): error TS2834: Relative import paths need explicit file extensions in ECMAScript imports when '--moduleResolution' is 'node16' or 'nodenext'. Consider adding an extension to the import path.
../node_modules/@react-navigation/native/lib/typescript/src/index.d.ts(7,27): error TS2834: Relative import paths need explicit file extensions in ECMAScript imports when '--moduleResolution' is 'node16' or 'nodenext'. Consider adding an extension to the import path.
../node_modules/@react-navigation/native/lib/typescript/src/index.d.ts(8,30): error TS2834: Relative import paths need explicit file extensions in ECMAScript imports when '--moduleResolution' is 'node16' or 'nodenext'. Consider adding an extension to the import path.
../node_modules/@react-navigation/native/lib/typescript/src/index.d.ts(9,15): error TS2834: Relative import paths need explicit file extensions in ECMAScript imports when '--moduleResolution' is 'node16' or 'nodenext'. Consider adding an extension to the import path.
../node_modules/@react-navigation/native/lib/typescript/src/index.d.ts(10,77): error TS2834: Relative import paths need explicit file extensions in ECMAScript imports when '--moduleResolution' is 'node16' or 'nodenext'. Consider adding an extension to the import path.
../node_modules/@react-navigation/native/lib/typescript/src/index.d.ts(11,32): error TS2834: Relative import paths need explicit file extensions in ECMAScript imports when '--moduleResolution' is 'node16' or 'nodenext'. Consider adding an extension to the import path.
../node_modules/@react-navigation/native/lib/typescript/src/index.d.ts(12,46): error TS2834: Relative import paths need explicit file extensions in ECMAScript imports when '--moduleResolution' is 'node16' or 'nodenext'. Consider adding an extension to the import path.
../node_modules/@react-navigation/native/lib/typescript/src/index.d.ts(13,27): error TS2834: Relative import paths need explicit file extensions in ECMAScript imports when '--moduleResolution' is 'node16' or 'nodenext'. Consider adding an extension to the import path.
../node_modules/@react-navigation/native/lib/typescript/src/index.d.ts(14,27): error TS2834: Relative import paths need explicit file extensions in ECMAScript imports when '--moduleResolution' is 'node16' or 'nodenext'. Consider adding an extension to the import path.
../node_modules/@react-navigation/native/lib/typescript/src/index.d.ts(15,32): error TS2834: Relative import paths need explicit file extensions in ECMAScript imports when '--moduleResolution' is 'node16' or 'nodenext'. Consider adding an extension to the import path.
../node_modules/@react-navigation/routers/lib/typescript/src/index.d.ts(1,32): error TS2834: Relative import paths need explicit file extensions in ECMAScript imports when '--moduleResolution' is 'node16' or 'nodenext'. Consider adding an extension to the import path.
../node_modules/@react-navigation/routers/lib/typescript/src/index.d.ts(3,28): error TS2834: Relative import paths need explicit file extensions in ECMAScript imports when '--moduleResolution' is 'node16' or 'nodenext'. Consider adding an extension to the import path.
../node_modules/@react-navigation/routers/lib/typescript/src/index.d.ts(4,119): error TS2834: Relative import paths need explicit file extensions in ECMAScript imports when '--moduleResolution' is 'node16' or 'nodenext'. Consider adding an extension to the import path.
../node_modules/@react-navigation/routers/lib/typescript/src/index.d.ts(5,45): error TS2834: Relative import paths need explicit file extensions in ECMAScript imports when '--moduleResolution' is 'node16' or 'nodenext'. Consider adding an extension to the import path.
../node_modules/@react-navigation/routers/lib/typescript/src/index.d.ts(6,101): error TS2834: Relative import paths need explicit file extensions in ECMAScript imports when '--moduleResolution' is 'node16' or 'nodenext'. Consider adding an extension to the import path.
../node_modules/@react-navigation/routers/lib/typescript/src/index.d.ts(7,43): error TS2834: Relative import paths need explicit file extensions in ECMAScript imports when '--moduleResolution' is 'node16' or 'nodenext'. Consider adding an extension to the import path.
../node_modules/@react-navigation/routers/lib/typescript/src/index.d.ts(8,93): error TS2834: Relative import paths need explicit file extensions in ECMAScript imports when '--moduleResolution' is 'node16' or 'nodenext'. Consider adding an extension to the import path.
../node_modules/@react-navigation/routers/lib/typescript/src/index.d.ts(9,39): error TS2834: Relative import paths need explicit file extensions in ECMAScript imports when '--moduleResolution' is 'node16' or 'nodenext'. Consider adding an extension to the import path.
../node_modules/@react-navigation/routers/lib/typescript/src/index.d.ts(10,15): error TS2834: Relative import paths need explicit file extensions in ECMAScript imports when '--moduleResolution' is 'node16' or 'nodenext'. Consider adding an extension to the import path.
../node_modules/react-native/src/types/globals.d.ts(10,1): error TS6200: Definitions of the following identifiers conflict with those in another file: EndingType, BlobPart, BufferSource, FormData, RequestInfo, XMLHttpRequestResponseType, AbortSignal, AbortController
../node_modules/react-native/src/types/globals.d.ts(124,7): error TS2403: Subsequent variable declarations must have the same type.  Variable 'Blob' must be of type '{ new (blobParts?: BlobPart[] | undefined, options?: BlobPropertyBag | undefined): Blob; prototype: Blob; }', but here has type '{ new (blobParts?: (string | Blob)[] | undefined, options?: BlobOptions | undefined): Blob; prototype: Blob; }'.
../node_modules/react-native/src/types/globals.d.ts(224,5): error TS2717: Subsequent property declarations must have the same type.  Property 'body' must be of type 'BodyInit | null | undefined', but here has type 'BodyInit_ | undefined'.
../node_modules/react-native/src/types/globals.d.ts(233,5): error TS2717: Subsequent property declarations must have the same type.  Property 'signal' must be of type 'AbortSignal | null | undefined', but here has type 'AbortSignal | undefined'.
../node_modules/react-native/src/types/globals.d.ts(243,14): error TS2717: Subsequent property declarations must have the same type.  Property 'signal' must be of type 'AbortSignal', but here has type 'AbortSignal'.
../node_modules/react-native/src/types/globals.d.ts(247,7): error TS2403: Subsequent variable declarations must have the same type.  Variable 'Request' must be of type '{ new (input: RequestInfo | URL, init?: RequestInit | undefined): Request; prototype: Request; }', but here has type '{ new (input: string | Request, init?: RequestInit | undefined): Request; prototype: Request; }'.
../node_modules/react-native/src/types/globals.d.ts(271,7): error TS2403: Subsequent variable declarations must have the same type.  Variable 'Response' must be of type '{ new (body?: BodyInit | null | undefined, init?: ResponseInit | undefined): Response; prototype: Response; error(): Response; json(data: any, init?: ResponseInit | undefined): Response; redirect(url: string | URL, status?: number | undefined): Response; }', but here has type '{ new (body?: BodyInit_ | undefined, init?: ResponseInit | undefined): Response; prototype: Response; error(): Response; json(data: any, init?: ResponseInit | undefined): Response; redirect: (url: string | URL, status?: number | undefined) => Response; }'.
../node_modules/react-native/src/types/globals.d.ts(356,5): error TS2717: Subsequent property declarations must have the same type.  Property 'abort' must be of type 'ProgressEvent<XMLHttpRequestEventTarget>', but here has type 'ProgressEvent<EventTarget>'.
../node_modules/react-native/src/types/globals.d.ts(357,5): error TS2717: Subsequent property declarations must have the same type.  Property 'error' must be of type 'ProgressEvent<XMLHttpRequestEventTarget>', but here has type 'ProgressEvent<EventTarget>'.
../node_modules/react-native/src/types/globals.d.ts(358,5): error TS2717: Subsequent property declarations must have the same type.  Property 'load' must be of type 'ProgressEvent<XMLHttpRequestEventTarget>', but here has type 'ProgressEvent<EventTarget>'.
../node_modules/react-native/src/types/globals.d.ts(359,5): error TS2717: Subsequent property declarations must have the same type.  Property 'loadend' must be of type 'ProgressEvent<XMLHttpRequestEventTarget>', but here has type 'ProgressEvent<EventTarget>'.
../node_modules/react-native/src/types/globals.d.ts(360,5): error TS2717: Subsequent property declarations must have the same type.  Property 'loadstart' must be of type 'ProgressEvent<XMLHttpRequestEventTarget>', but here has type 'ProgressEvent<EventTarget>'.
../node_modules/react-native/src/types/globals.d.ts(361,5): error TS2717: Subsequent property declarations must have the same type.  Property 'progress' must be of type 'ProgressEvent<XMLHttpRequestEventTarget>', but here has type 'ProgressEvent<EventTarget>'.
../node_modules/react-native/src/types/globals.d.ts(362,5): error TS2717: Subsequent property declarations must have the same type.  Property 'timeout' must be of type 'ProgressEvent<XMLHttpRequestEventTarget>', but here has type 'ProgressEvent<EventTarget>'.
../node_modules/react-native/src/types/globals.d.ts(429,7): error TS2403: Subsequent variable declarations must have the same type.  Variable 'URL' must be of type '{ new (url: string | URL, base?: string | URL | undefined): URL; prototype: URL; canParse(url: string | URL, base?: string | URL | undefined): boolean; createObjectURL(obj: Blob | MediaSource): string; parse(url: string | URL, base?: string | ... 1 more ... | undefined): URL | null; revokeObjectURL(url: string): voi...', but here has type '{ new (url: string | URL, base?: string | URL | undefined): URL; prototype: URL; createObjectURL(obj: Blob): string; revokeObjectURL(url: string): void; }'.
../node_modules/react-native/src/types/globals.d.ts(492,5): error TS2717: Subsequent property declarations must have the same type.  Property 'onopen' must be of type '((this: WebSocket, ev: Event) => any) | null', but here has type '(() => void) | null'.
../node_modules/react-native/src/types/globals.d.ts(493,5): error TS2717: Subsequent property declarations must have the same type.  Property 'onmessage' must be of type '((this: WebSocket, ev: MessageEvent<any>) => any) | null', but here has type '((event: WebSocketMessageEvent) => void) | null'.
../node_modules/react-native/src/types/globals.d.ts(494,5): error TS2717: Subsequent property declarations must have the same type.  Property 'onerror' must be of type '((this: WebSocket, ev: Event) => any) | null', but here has type '((event: WebSocketErrorEvent) => void) | null'.
../node_modules/react-native/src/types/globals.d.ts(495,5): error TS2717: Subsequent property declarations must have the same type.  Property 'onclose' must be of type '((this: WebSocket, ev: CloseEvent) => any) | null', but here has type '((event: WebSocketCloseEvent) => void) | null'.
../node_modules/react-native/src/types/globals.d.ts(496,5): error TS2717: Subsequent property declarations must have the same type.  Property 'addEventListener' must be of type '{ <K extends keyof WebSocketEventMap>(type: K, listener: (this: WebSocket, ev: WebSocketEventMap[K]) => any, options?: boolean | AddEventListenerOptions | undefined): void; (type: string, listener: EventListenerOrEventListenerObject, options?: boolean | ... 1 more ... | undefined): void; }', but here has type 'WebsocketEventListener'.
../node_modules/react-native/src/types/globals.d.ts(497,5): error TS2717: Subsequent property declarations must have the same type.  Property 'removeEventListener' must be of type '{ <K extends keyof WebSocketEventMap>(type: K, listener: (this: WebSocket, ev: WebSocketEventMap[K]) => any, options?: boolean | EventListenerOptions | undefined): void; (type: string, listener: EventListenerOrEventListenerObject, options?: boolean | ... 1 more ... | undefined): void; }', but here has type 'WebsocketEventListener'.
../node_modules/react-native/src/types/globals.d.ts(500,7): error TS2403: Subsequent variable declarations must have the same type.  Variable 'WebSocket' must be of type '{ new (url: string | URL, protocols?: string | string[] | undefined): WebSocket; prototype: WebSocket; readonly CONNECTING: 0; readonly OPEN: 1; readonly CLOSING: 2; readonly CLOSED: 3; }', but here has type '{ new (uri: string, protocols?: string | string[] | null | undefined, options?: { [optionName: string]: any; headers: { [headerName: string]: string; }; } | null | undefined): WebSocket; ... 4 more ...; readonly OPEN: number; }'.
../node_modules/react-native/src/types/globals.d.ts(585,14): error TS2717: Subsequent property declarations must have the same type.  Property 'error' must be of type 'DOMException | null', but here has type 'Error | null'.
../node_modules/react-native/src/types/globals.d.ts(598,14): error TS2717: Subsequent property declarations must have the same type.  Property 'readyState' must be of type '0 | 2 | 1', but here has type 'number'.
../node_modules/react-native/src/types/globals.d.ts(599,14): error TS2717: Subsequent property declarations must have the same type.  Property 'result' must be of type 'string | ArrayBuffer | null', but here has type 'string | ArrayBuffer'.
